[ 2018-11-28T14:48:09+08:00 ] ::1 /mobile/
INFO: [ app_init ] --START--
INFO: Run Behavior\BuildLiteBehavior [ RunTime:0.000000s ]
INFO: [ app_init ] --END-- [ RunTime:0.001000s ]
INFO: [ app_begin ] --START--
INFO: Run Behavior\ReadHtmlCacheBehavior [ RunTime:0.002000s ]
INFO: [ app_begin ] --END-- [ RunTime:0.002000s ]
NOTIC: [8] A session had already been started - ignoring session_start() D:\php\WWW\OnlineExam\ThinkPHP\Common\functions.php 第 1438 行.
NOTIC: [8] Undefined index: User D:\php\WWW\OnlineExam\Application\Mobile\Controller\IndexController.class.php 第 9 行.
NOTIC: [8] Undefined index: User D:\php\WWW\OnlineExam\Application\Mobile\Controller\IndexController.class.php 第 9 行.
NOTIC: [8] Undefined index: User D:\php\WWW\OnlineExam\Application\Mobile\Controller\IndexController.class.php 第 10 行.
NOTIC: [8] Undefined index: User D:\php\WWW\OnlineExam\Application\Mobile\Controller\IndexController.class.php 第 10 行.
INFO: [ view_parse ] --START--
INFO: [ template_filter ] --START--
INFO: Run Behavior\ContentReplaceBehavior [ RunTime:0.000000s ]
INFO: [ template_filter ] --END-- [ RunTime:0.001000s ]
INFO: Run Behavior\ParseTemplateBehavior [ RunTime:0.020000s ]
INFO: [ view_parse ] --END-- [ RunTime:0.020000s ]
INFO: [ view_filter ] --START--
INFO: Run Behavior\WriteHtmlCacheBehavior [ RunTime:0.002000s ]
INFO: [ view_filter ] --END-- [ RunTime:0.002000s ]

